<?xml version="1.0" encoding="UTF-8"?>
<testsuite xmlns:xsi="http://www.w3.org/2001/XMLSchema-instance" xsi:noNamespaceSchemaLocation="https://maven.apache.org/surefire/maven-surefire-plugin/xsd/surefire-test-report.xsd" name="user.UserTest" time="0.072" tests="10" errors="0" skipped="0" failures="0">
  <properties>
[...]
</properties>
  <testcase name="testFavoriteActivitiesNotNull" classname="user.UserTest" time="0.03"/>
  <testcase name="testIsAdultTrue" classname="user.UserTest" time="0.003"/>
  <testcase name="testIsAdultFalse" classname="user.UserTest" time="0.002"/>
  <testcase name="testUserAge" classname="user.UserTest" time="0.002"/>
  <testcase name="testGetLastName" classname="user.UserTest" time="0.003"/>
  <testcase name="testFavoriteActivities" classname="user.UserTest" time="0.003"/>
  <testcase name="testUninitializedUser" classname="user.UserTest" time="0.002"/>
  <testcase name="testAddActivity" classname="user.UserTest" time="0.001"/>
  <testcase name="testGetFirstName" classname="user.UserTest" time="0"/>
  <testcase name="testFullName" classname="user.UserTest" time="0.001"/>
</testsuite>